<?xml version="1.0" encoding="UTF-8"?>
<!--
  Copyright 2014 Spyridon Papageorgiou
  
  Licensed under the Apache License, Version 2.0 (the "License");
  you may not use this file except in compliance with the License.
  You may obtain a copy of the License at
  
    http://www.apache.org/licenses/LICENSE-2.0
  
  Unless required by applicable law or agreed to in writing, software
  distributed under the License is distributed on an "AS IS" BASIS,
  WITHOUT WARRANTIES OR CONDITIONS OF ANY KIND, either express or implied.
  See the License for the specific language governing permissions and
  limitations under the License.
-->
<beans xmlns="http://www.springframework.org/schema/beans"
	xmlns:xsi="http://www.w3.org/2001/XMLSchema-instance" xmlns:context="http://www.springframework.org/schema/context"
	xmlns:mockito="http://www.mockito.org/spring/mockito"
	xsi:schemaLocation="http://www.springframework.org/schema/beans 
	       http://www.springframework.org/schema/beans/spring-beans.xsd
	       http://www.springframework.org/schema/context 
	       http://www.springframework.org/schema/context/spring-context-3.0.xsd
	       http://www.mockito.org/spring/mockito 
	       http://www.mockito.org/spring/mockito.xsd">


	<bean id="accountingService" name="mockAccounting" class="org.mockito.Mockito"
		factory-method="mock">
		<constructor-arg value="org.powertac.common.interfaces.Accounting" />
	</bean>

	<bean id="tariffMarketService" name="mockTariffMarket" class="org.mockito.Mockito"
		factory-method="mock">
		<constructor-arg value="org.powertac.common.interfaces.TariffMarket" />
	</bean>

	<bean id="serverPropertiesService" name="mockServerProperties"
		class="org.mockito.Mockito" factory-method="mock">
		<constructor-arg value="org.powertac.common.interfaces.ServerConfiguration" />
	</bean>

	<bean id="brokerProxy" class="org.mockito.Mockito" factory-method="mock">
		<constructor-arg value="org.powertac.common.interfaces.BrokerProxy" />
	</bean>

	<bean id="competitionControl" class="org.mockito.Mockito"
		factory-method="mock">
		<constructor-arg value="org.powertac.common.interfaces.CompetitionControl" />
	</bean>

	<bean id="weatherForecastRepo" class="org.powertac.common.repo.WeatherForecastRepo" />

	<bean id="timeslotService" class="org.powertac.common.repo.TimeslotRepo" />

	<context:annotation-config />

	<bean id="springApplicationContext" class="org.powertac.common.spring.SpringApplicationContext" />

	<bean id="timeService" class="org.powertac.common.TimeService" />

	<bean id="tariffRepo" class="org.powertac.common.repo.TariffRepo" />

	<bean id="tariffSubscriptionRepo" class="org.mockito.Mockito" factory-method="mock" >
	 <constructor-arg value="org.powertac.common.repo.TariffSubscriptionRepo" />
	</bean>

	<bean id="timeslotRepo" class="org.powertac.common.repo.TimeslotRepo" />

	<bean id="weatherReportRepo" class="org.powertac.common.repo.WeatherReportRepo" />

	<bean id="randomSeedRepo" class="org.powertac.common.repo.RandomSeedRepo" />

	<bean id="brokerRepo" class="org.powertac.common.repo.BrokerRepo" />

	<bean id="customerRepo" class="org.powertac.common.repo.CustomerRepo" />

	<bean id="producerService" class="org.powertac.producer.ProducerService">
		<property name="timeslotPhase">
			<value>2</value>
		</property>
	</bean>

</beans>
